[ 22647.609] (WW) Failed to open protocol names file lib/xorg/protocol.txt
[ 22647.613] 
X.Org X Server 1.20.10
X Protocol Version 11, Revision 0
[ 22647.621] Build Operating System: Linux Arch Linux
[ 22647.624] Current Operating System: Linux X200 5.11.1-arch1-1 #1 SMP PREEMPT Tue, 23 Feb 2021 14:05:30 +0000 x86_64
[ 22647.624] Kernel command line: BOOT_IMAGE=/vmlinuz-linux root=UUID=13b8274a-3a54-48b4-8540-fe511df111cd rw loglevel=3 quiet
[ 22647.629] Build Date: 14 December 2020  12:10:29PM
[ 22647.631]  
[ 22647.633] Current version of pixman: 0.40.0
[ 22647.639] 	Before reporting problems, check http://wiki.x.org
	to make sure that you have the latest version.
[ 22647.639] Markers: (--) probed, (**) from config file, (==) default setting,
	(++) from command line, (!!) notice, (II) informational,
	(WW) warning, (EE) error, (NI) not implemented, (??) unknown.
[ 22647.646] (==) Log file: "/home/adam/.local/share/xorg/Xorg.0.log", Time: Sun Feb 28 14:25:07 2021
[ 22647.648] (==) Using system config directory "/usr/share/X11/xorg.conf.d"
[ 22647.648] (==) No Layout section.  Using the first Screen section.
[ 22647.648] (==) No screen section available. Using defaults.
[ 22647.648] (**) |-->Screen "Default Screen Section" (0)
[ 22647.648] (**) |   |-->Monitor "<default monitor>"
[ 22647.648] (==) No monitor specified for screen "Default Screen Section".
	Using a default monitor configuration.
[ 22647.648] (==) Automatically adding devices
[ 22647.648] (==) Automatically enabling devices
[ 22647.648] (==) Automatically adding GPU devices
[ 22647.649] (==) Automatically binding GPU devices
[ 22647.649] (==) Max clients allowed: 256, resource mask: 0x1fffff
[ 22647.649] (WW) The directory "/usr/share/fonts/misc" does not exist.
[ 22647.649] 	Entry deleted from font path.
[ 22647.649] (WW) The directory "/usr/share/fonts/OTF" does not exist.
[ 22647.649] 	Entry deleted from font path.
[ 22647.649] (WW) The directory "/usr/share/fonts/Type1" does not exist.
[ 22647.649] 	Entry deleted from font path.
[ 22647.649] (==) FontPath set to:
	/usr/share/fonts/TTF,
	/usr/share/fonts/100dpi,
	/usr/share/fonts/75dpi
[ 22647.649] (==) ModulePath set to "/usr/lib/xorg/modules"
[ 22647.649] (II) The server relies on udev to provide the list of input devices.
	If no devices become available, reconfigure udev or disable AutoAddDevices.
[ 22647.649] (II) Module ABI versions:
[ 22647.649] 	X.Org ANSI C Emulation: 0.4
[ 22647.649] 	X.Org Video Driver: 24.1
[ 22647.649] 	X.Org XInput driver : 24.1
[ 22647.649] 	X.Org Server Extension : 10.0
[ 22647.650] (++) using VT number 1

[ 22647.652] (II) systemd-logind: took control of session /org/freedesktop/login1/session/_37
[ 22647.653] (II) xfree86: Adding drm device (/dev/dri/card0)
[ 22647.654] (II) systemd-logind: got fd for /dev/dri/card0 226:0 fd 10 paused 0
[ 22647.660] (--) PCI:*(0@0:2:0) 8086:2a42:17aa:20e4 rev 7, Mem @ 0xf2000000/4194304, 0xd0000000/268435456, I/O @ 0x00001800/8, BIOS @ 0x????????/131072
[ 22647.660] (--) PCI: (0@0:2:1) 8086:2a43:17aa:20e4 rev 7, Mem @ 0xf2400000/1048576
[ 22647.660] (WW) Open ACPI failed (/var/run/acpid.socket) (No such file or directory)
[ 22647.660] (II) LoadModule: "glx"
[ 22647.660] (II) Loading /usr/lib/xorg/modules/extensions/libglx.so
[ 22647.708] (II) Module glx: vendor="X.Org Foundation"
[ 22647.708] 	compiled for 1.20.10, module version = 1.0.0
[ 22647.708] 	ABI class: X.Org Server Extension, version 10.0
[ 22647.708] (==) Matched intel as autoconfigured driver 0
[ 22647.708] (==) Matched modesetting as autoconfigured driver 1
[ 22647.708] (==) Matched fbdev as autoconfigured driver 2
[ 22647.708] (==) Matched vesa as autoconfigured driver 3
[ 22647.708] (==) Assigned the driver to the xf86ConfigLayout
[ 22647.708] (II) LoadModule: "intel"
[ 22647.709] (II) Loading /usr/lib/xorg/modules/drivers/intel_drv.so
[ 22647.727] (II) Module intel: vendor="X.Org Foundation"
[ 22647.727] 	compiled for 1.20.10, module version = 2.99.917
[ 22647.727] 	Module class: X.Org Video Driver
[ 22647.727] 	ABI class: X.Org Video Driver, version 24.1
[ 22647.727] (II) LoadModule: "modesetting"
[ 22647.728] (II) Loading /usr/lib/xorg/modules/drivers/modesetting_drv.so
[ 22647.745] (II) Module modesetting: vendor="X.Org Foundation"
[ 22647.745] 	compiled for 1.20.10, module version = 1.20.10
[ 22647.745] 	Module class: X.Org Video Driver
[ 22647.745] 	ABI class: X.Org Video Driver, version 24.1
[ 22647.745] (II) LoadModule: "fbdev"
[ 22647.745] (WW) Warning, couldn't open module fbdev
[ 22647.745] (EE) Failed to load module "fbdev" (module does not exist, 0)
[ 22647.745] (II) LoadModule: "vesa"
[ 22647.745] (II) Loading /usr/lib/xorg/modules/drivers/vesa_drv.so
[ 22647.746] (II) Module vesa: vendor="X.Org Foundation"
[ 22647.746] 	compiled for 1.20.9, module version = 2.5.0
[ 22647.746] 	Module class: X.Org Video Driver
[ 22647.746] 	ABI class: X.Org Video Driver, version 24.1
[ 22647.746] (II) intel: Driver for Intel(R) Integrated Graphics Chipsets:
	i810, i810-dc100, i810e, i815, i830M, 845G, 854, 852GM/855GM, 865G,
	915G, E7221 (i915), 915GM, 945G, 945GM, 945GME, Pineview GM,
	Pineview G, 965G, G35, 965Q, 946GZ, 965GM, 965GME/GLE, G33, Q35, Q33,
	GM45, 4 Series, G45/G43, Q45/Q43, G41, B43
[ 22647.746] (II) intel: Driver for Intel(R) HD Graphics
[ 22647.746] (II) intel: Driver for Intel(R) Iris(TM) Graphics
[ 22647.746] (II) intel: Driver for Intel(R) Iris(TM) Pro Graphics
[ 22647.746] (II) modesetting: Driver for Modesetting Kernel Drivers: kms
[ 22647.746] (II) VESA: driver for VESA chipsets: vesa
[ 22647.746] xf86EnableIOPorts: failed to set IOPL for I/O (Operation not permitted)
[ 22647.746] (II) intel(0): Using Kernel Mode Setting driver: i915, version 1.6.0 20201103
[ 22647.746] (II) intel(0): SNA compiled from 2.99.917-916-g31486f40
[ 22647.760] (WW) Falling back to old probe method for modesetting
[ 22647.760] (WW) VGA arbiter: cannot open kernel arbiter, no multi-card support
[ 22647.761] (--) intel(0): Integrated Graphics Chipset: Intel(R) GM45
[ 22647.761] (--) intel(0): CPU: x86-64, sse2, sse3, ssse3, sse4.1; using a maximum of 2 threads
[ 22647.761] (II) intel(0): Creating default Display subsection in Screen section
	"Default Screen Section" for depth/fbbpp 24/32
[ 22647.761] (==) intel(0): Depth 24, (--) framebuffer bpp 32
[ 22647.761] (==) intel(0): RGB weight 888
[ 22647.761] (==) intel(0): Default visual is TrueColor
[ 22647.761] (II) intel(0): Output LVDS1 has no monitor section
[ 22647.762] (**) intel(0): Found backlight control interface intel_backlight (type 'raw') for output LVDS1
[ 22647.762] (II) intel(0): Enabled output LVDS1
[ 22647.762] (II) intel(0): Output VGA1 has no monitor section
[ 22647.763] (II) intel(0): Enabled output VGA1
[ 22647.763] (II) intel(0): Output HDMI1 has no monitor section
[ 22647.763] (II) intel(0): Enabled output HDMI1
[ 22647.763] (II) intel(0): Output DP1 has no monitor section
[ 22647.763] (II) intel(0): Enabled output DP1
[ 22647.763] (II) intel(0): Output HDMI2 has no monitor section
[ 22647.763] (II) intel(0): Enabled output HDMI2
[ 22647.763] (II) intel(0): Output DP2 has no monitor section
[ 22647.764] (II) intel(0): Enabled output DP2
[ 22647.764] (II) intel(0): Output DP3 has no monitor section
[ 22647.764] (II) intel(0): Enabled output DP3
[ 22647.764] (--) intel(0): Using a maximum size of 256x256 for hardware cursors
[ 22647.764] (II) intel(0): Output VIRTUAL1 has no monitor section
[ 22647.764] (II) intel(0): Enabled output VIRTUAL1
[ 22647.764] (--) intel(0): Output LVDS1 using initial mode 1280x800 on pipe 0
[ 22647.764] (==) intel(0): TearFree disabled
[ 22647.764] (==) intel(0): Using gamma correction (1.0, 1.0, 1.0)
[ 22647.764] (==) intel(0): DPI set to (96, 96)
[ 22647.764] (II) Loading sub module "dri3"
[ 22647.764] (II) LoadModule: "dri3"
[ 22647.764] (II) Module "dri3" already built-in
[ 22647.764] (II) Loading sub module "dri2"
[ 22647.764] (II) LoadModule: "dri2"
[ 22647.764] (II) Module "dri2" already built-in
[ 22647.764] (II) Loading sub module "present"
[ 22647.764] (II) LoadModule: "present"
[ 22647.764] (II) Module "present" already built-in
[ 22647.764] (II) UnloadModule: "modesetting"
[ 22647.764] (II) Unloading modesetting
[ 22647.765] (II) UnloadModule: "vesa"
[ 22647.765] (II) Unloading vesa
[ 22647.765] (II) intel(0): SNA initialized with Eaglelake (gen4.5) backend
[ 22647.765] (==) intel(0): Backing store enabled
[ 22647.765] (==) intel(0): Silken mouse disabled
[ 22647.765] (II) intel(0): HW Cursor enabled
[ 22647.766] (==) intel(0): DPMS enabled
[ 22647.766] (==) intel(0): Display hotplug detection enabled
[ 22647.766] (II) intel(0): [XvMC] xvmc_vld driver initialized.
[ 22647.766] (II) intel(0): [DRI2] Setup complete
[ 22647.766] (II) intel(0): [DRI2]   DRI driver: i965
[ 22647.766] (II) intel(0): [DRI2]   VDPAU driver: va_gl
[ 22647.766] (II) intel(0): direct rendering: DRI2 DRI3 enabled
[ 22647.766] (II) intel(0): hardware support for Present enabled
[ 22647.766] (II) Initializing extension Generic Event Extension
[ 22647.766] (II) Initializing extension SHAPE
[ 22647.766] (II) Initializing extension MIT-SHM
[ 22647.766] (II) Initializing extension XInputExtension
[ 22647.766] (II) Initializing extension XTEST
[ 22647.766] (II) Initializing extension BIG-REQUESTS
[ 22647.766] (II) Initializing extension SYNC
[ 22647.766] (II) Initializing extension XKEYBOARD
[ 22647.766] (II) Initializing extension XC-MISC
[ 22647.766] (II) Initializing extension SECURITY
[ 22647.766] (II) Initializing extension XFIXES
[ 22647.766] (II) Initializing extension RENDER
[ 22647.766] (II) Initializing extension RANDR
[ 22647.766] (II) Initializing extension COMPOSITE
[ 22647.766] (II) Initializing extension DAMAGE
[ 22647.766] (II) Initializing extension MIT-SCREEN-SAVER
[ 22647.766] (II) Initializing extension DOUBLE-BUFFER
[ 22647.766] (II) Initializing extension RECORD
[ 22647.766] (II) Initializing extension DPMS
[ 22647.766] (II) Initializing extension Present
[ 22647.766] (II) Initializing extension DRI3
[ 22647.766] (II) Initializing extension X-Resource
[ 22647.766] (II) Initializing extension XVideo
[ 22647.766] (II) Initializing extension XVideo-MotionCompensation
[ 22647.766] (II) Initializing extension GLX
[ 22647.832] (II) AIGLX: Loaded and initialized i965
[ 22647.832] (II) GLX: Initialized DRI2 GL provider for screen 0
[ 22647.832] (II) Initializing extension XFree86-VidModeExtension
[ 22647.832] (II) Initializing extension XFree86-DGA
[ 22647.832] (II) Initializing extension XFree86-DRI
[ 22647.832] (II) Initializing extension DRI2
[ 22647.839] (II) intel(0): switch to mode 1280x800@60.0 on LVDS1 using pipe 0, position (0, 0), rotation normal, reflection none
[ 22647.856] (II) intel(0): Setting screen physical size to 338 x 211
[ 22648.006] (II) config/udev: Adding input device Power Button (/dev/input/event2)
[ 22648.006] (**) Power Button: Applying InputClass "libinput keyboard catchall"
[ 22648.006] (II) LoadModule: "libinput"
[ 22648.006] (II) Loading /usr/lib/xorg/modules/input/libinput_drv.so
[ 22648.008] (II) Module libinput: vendor="X.Org Foundation"
[ 22648.008] 	compiled for 1.20.8, module version = 0.30.0
[ 22648.008] 	Module class: X.Org XInput Driver
[ 22648.008] 	ABI class: X.Org XInput driver, version 24.1
[ 22648.008] (II) Using input driver 'libinput' for 'Power Button'
[ 22648.009] (II) systemd-logind: got fd for /dev/input/event2 13:66 fd 16 paused 0
[ 22648.009] (**) Power Button: always reports core events
[ 22648.009] (**) Option "Device" "/dev/input/event2"
[ 22648.010] (**) Option "_source" "server/udev"
[ 22648.013] (II) event2  - Power Button: is tagged by udev as: Keyboard
[ 22648.013] (II) event2  - Power Button: device is a keyboard
[ 22648.013] (II) event2  - Power Button: device removed
[ 22648.013] (**) Option "config_info" "udev:/sys/devices/LNXSYSTM:00/LNXPWRBN:00/input/input2/event2"
[ 22648.013] (II) XINPUT: Adding extended input device "Power Button" (type: KEYBOARD, id 6)
[ 22648.014] (II) event2  - Power Button: is tagged by udev as: Keyboard
[ 22648.014] (II) event2  - Power Button: device is a keyboard
[ 22648.015] (II) config/udev: Adding input device Video Bus (/dev/input/event7)
[ 22648.015] (**) Video Bus: Applying InputClass "libinput keyboard catchall"
[ 22648.015] (II) Using input driver 'libinput' for 'Video Bus'
[ 22648.016] (II) systemd-logind: got fd for /dev/input/event7 13:71 fd 19 paused 0
[ 22648.016] (**) Video Bus: always reports core events
[ 22648.016] (**) Option "Device" "/dev/input/event7"
[ 22648.016] (**) Option "_source" "server/udev"
[ 22648.018] (II) event7  - Video Bus: is tagged by udev as: Keyboard
[ 22648.018] (II) event7  - Video Bus: device is a keyboard
[ 22648.018] (II) event7  - Video Bus: device removed
[ 22648.018] (**) Option "config_info" "udev:/sys/devices/LNXSYSTM:00/LNXSYBUS:00/PNP0A08:00/LNXVIDEO:00/input/input8/event7"
[ 22648.018] (II) XINPUT: Adding extended input device "Video Bus" (type: KEYBOARD, id 7)
[ 22648.019] (II) event7  - Video Bus: is tagged by udev as: Keyboard
[ 22648.019] (II) event7  - Video Bus: device is a keyboard
[ 22648.020] (II) config/udev: Adding input device Lid Switch (/dev/input/event0)
[ 22648.020] (II) No input driver specified, ignoring this device.
[ 22648.020] (II) This device may have been added with another device file.
[ 22648.021] (II) config/udev: Adding input device Sleep Button (/dev/input/event1)
[ 22648.021] (**) Sleep Button: Applying InputClass "libinput keyboard catchall"
[ 22648.021] (II) Using input driver 'libinput' for 'Sleep Button'
[ 22648.022] (II) systemd-logind: got fd for /dev/input/event1 13:65 fd 20 paused 0
[ 22648.022] (**) Sleep Button: always reports core events
[ 22648.022] (**) Option "Device" "/dev/input/event1"
[ 22648.022] (**) Option "_source" "server/udev"
[ 22648.023] (II) event1  - Sleep Button: is tagged by udev as: Keyboard
[ 22648.023] (II) event1  - Sleep Button: device is a keyboard
[ 22648.024] (II) event1  - Sleep Button: device removed
[ 22648.024] (**) Option "config_info" "udev:/sys/devices/LNXSYSTM:00/LNXSYBUS:00/PNP0C0E:00/input/input1/event1"
[ 22648.024] (II) XINPUT: Adding extended input device "Sleep Button" (type: KEYBOARD, id 8)
[ 22648.025] (II) event1  - Sleep Button: is tagged by udev as: Keyboard
[ 22648.025] (II) event1  - Sleep Button: device is a keyboard
[ 22648.027] (II) config/udev: Adding input device HDA Intel Dock Mic (/dev/input/event9)
[ 22648.027] (II) No input driver specified, ignoring this device.
[ 22648.027] (II) This device may have been added with another device file.
[ 22648.027] (II) config/udev: Adding input device HDA Intel Dock Headphone (/dev/input/event10)
[ 22648.027] (II) No input driver specified, ignoring this device.
[ 22648.027] (II) This device may have been added with another device file.
[ 22648.028] (II) config/udev: Adding input device HDA Intel Headphone (/dev/input/event11)
[ 22648.028] (II) No input driver specified, ignoring this device.
[ 22648.028] (II) This device may have been added with another device file.
[ 22648.028] (II) config/udev: Adding input device HDA Intel Mic (/dev/input/event8)
[ 22648.028] (II) No input driver specified, ignoring this device.
[ 22648.028] (II) This device may have been added with another device file.
[ 22648.029] (II) config/udev: Adding input device AT Translated Set 2 keyboard (/dev/input/event3)
[ 22648.029] (**) AT Translated Set 2 keyboard: Applying InputClass "libinput keyboard catchall"
[ 22648.029] (II) Using input driver 'libinput' for 'AT Translated Set 2 keyboard'
[ 22648.030] (II) systemd-logind: got fd for /dev/input/event3 13:67 fd 21 paused 0
[ 22648.030] (**) AT Translated Set 2 keyboard: always reports core events
[ 22648.030] (**) Option "Device" "/dev/input/event3"
[ 22648.030] (**) Option "_source" "server/udev"
[ 22648.032] (II) event3  - AT Translated Set 2 keyboard: is tagged by udev as: Keyboard
[ 22648.032] (II) event3  - AT Translated Set 2 keyboard: device is a keyboard
[ 22648.032] (II) event3  - AT Translated Set 2 keyboard: device removed
[ 22648.032] (**) Option "config_info" "udev:/sys/devices/platform/i8042/serio0/input/input3/event3"
[ 22648.032] (II) XINPUT: Adding extended input device "AT Translated Set 2 keyboard" (type: KEYBOARD, id 9)
[ 22648.034] (II) event3  - AT Translated Set 2 keyboard: is tagged by udev as: Keyboard
[ 22648.034] (II) event3  - AT Translated Set 2 keyboard: device is a keyboard
[ 22648.036] (II) config/udev: Adding input device TPPS/2 IBM TrackPoint (/dev/input/event6)
[ 22648.036] (**) TPPS/2 IBM TrackPoint: Applying InputClass "libinput pointer catchall"
[ 22648.036] (II) Using input driver 'libinput' for 'TPPS/2 IBM TrackPoint'
[ 22648.037] (II) systemd-logind: got fd for /dev/input/event6 13:70 fd 22 paused 0
[ 22648.037] (**) TPPS/2 IBM TrackPoint: always reports core events
[ 22648.037] (**) Option "Device" "/dev/input/event6"
[ 22648.037] (**) Option "_source" "server/udev"
[ 22648.038] (II) event6  - TPPS/2 IBM TrackPoint: is tagged by udev as: Mouse Pointingstick
[ 22648.038] (II) event6  - TPPS/2 IBM TrackPoint: trackpoint multiplier is 1.25
[ 22648.039] (II) event6  - TPPS/2 IBM TrackPoint: device is a pointer
[ 22648.039] (II) event6  - TPPS/2 IBM TrackPoint: device removed
[ 22648.039] (**) Option "config_info" "udev:/sys/devices/platform/i8042/serio1/input/input6/event6"
[ 22648.039] (II) XINPUT: Adding extended input device "TPPS/2 IBM TrackPoint" (type: MOUSE, id 10)
[ 22648.040] (**) Option "AccelerationScheme" "none"
[ 22648.040] (**) TPPS/2 IBM TrackPoint: (accel) selected scheme none/0
[ 22648.040] (**) TPPS/2 IBM TrackPoint: (accel) acceleration factor: 2.000
[ 22648.040] (**) TPPS/2 IBM TrackPoint: (accel) acceleration threshold: 4
[ 22648.041] (II) event6  - TPPS/2 IBM TrackPoint: is tagged by udev as: Mouse Pointingstick
[ 22648.041] (II) event6  - TPPS/2 IBM TrackPoint: trackpoint multiplier is 1.25
[ 22648.041] (II) event6  - TPPS/2 IBM TrackPoint: device is a pointer
[ 22648.043] (II) config/udev: Adding input device TPPS/2 IBM TrackPoint (/dev/input/mouse0)
[ 22648.043] (II) No input driver specified, ignoring this device.
[ 22648.043] (II) This device may have been added with another device file.
[ 22648.043] (II) config/udev: Adding input device PC Speaker (/dev/input/event4)
[ 22648.043] (II) No input driver specified, ignoring this device.
[ 22648.044] (II) This device may have been added with another device file.
[ 22648.048] (II) config/udev: Adding input device ThinkPad Extra Buttons (/dev/input/event5)
[ 22648.048] (**) ThinkPad Extra Buttons: Applying InputClass "libinput keyboard catchall"
[ 22648.048] (II) Using input driver 'libinput' for 'ThinkPad Extra Buttons'
[ 22648.049] (II) systemd-logind: got fd for /dev/input/event5 13:69 fd 23 paused 0
[ 22648.049] (**) ThinkPad Extra Buttons: always reports core events
[ 22648.049] (**) Option "Device" "/dev/input/event5"
[ 22648.049] (**) Option "_source" "server/udev"
[ 22648.050] (II) event5  - ThinkPad Extra Buttons: is tagged by udev as: Keyboard Switch
[ 22648.050] (II) event5  - ThinkPad Extra Buttons: device is a keyboard
[ 22648.050] (II) event5  - ThinkPad Extra Buttons: device removed
[ 22648.050] (**) Option "config_info" "udev:/sys/devices/platform/thinkpad_acpi/input/input7/event5"
[ 22648.050] (II) XINPUT: Adding extended input device "ThinkPad Extra Buttons" (type: KEYBOARD, id 11)
[ 22648.052] (II) event5  - ThinkPad Extra Buttons: is tagged by udev as: Keyboard Switch
[ 22648.052] (II) event5  - ThinkPad Extra Buttons: device is a keyboard
[ 22649.766] (II) intel(0): EDID vendor "LEN", prod id 16400
[ 22649.766] (II) intel(0): Printing DDC gathered Modelines:
[ 22649.766] (II) intel(0): Modeline "1280x800"x0.0   75.30  1280 1296 1344 1512  800 802 804 830 -hsync -vsync (49.8 kHz eP)
[ 22649.766] (II) intel(0): Modeline "1280x800"x0.0   59.26  1280 1328 1360 1440  800 803 809 823 -hsync -vsync (41.2 kHz e)
[ 25833.314] (EE) event6  - TPPS/2 IBM TrackPoint: client bug: event processing lagging behind by 12ms, your system is too slow
[ 26466.315] (EE) event6  - TPPS/2 IBM TrackPoint: client bug: event processing lagging behind by 15ms, your system is too slow
[ 26466.466] (EE) event6  - TPPS/2 IBM TrackPoint: client bug: event processing lagging behind by 14ms, your system is too slow
[ 28069.935] (EE) event6  - TPPS/2 IBM TrackPoint: client bug: event processing lagging behind by 12ms, your system is too slow
[ 28106.660] (EE) event6  - TPPS/2 IBM TrackPoint: client bug: event processing lagging behind by 11ms, your system is too slow
[ 28106.660] (EE) event6  - TPPS/2 IBM TrackPoint: WARNING: log rate limit exceeded (5 msgs per 60min). Discarding future messages.
